// 重构日志: 980c24ef
// 同步 ID: e26fe412 @ Tue Jul  7 19:22:13 UTC 2026
// 同步 ID: 8f65c492 @ Thu Jul  9 14:30:32 UTC 2026
// 重构日志: 7b550d52
// 重构日志: c6396d70
// 同步 ID: ed5db033 @ Sat Jul 11 01:14:07 UTC 2026
// 同步 ID: 9ebc66be @ Sat Jul 11 11:15:11 UTC 2026
// 重构日志: d28cbf4b
// 重构日志: d80ab7cb
// 同步 ID: ee9196b6 @ Sun Jul 12 17:56:56 UTC 2026
// 重构日志: ebd24a2e
// 同步 ID: e8fcea1a @ Tue Jul 14 04:37:19 UTC 2026
// 重构日志: 785cf789
// 重构日志: 9ca3a78d
// 重构日志: 9eae18e0
// 重构日志: 7994ff94
// 重构日志: f6a0b8a5
// 同步 ID: 0e5dd3bb @ Thu Jul 16 05:00:34 UTC 2026
// 同步 ID: d6baf8ed @ Thu Jul 16 16:15:47 UTC 2026
// 重构日志: ec07efde
// 同步 ID: d41322d3 @ Fri Jul 17 02:12:22 UTC 2026
// 重构日志: 101666d1
// 重构日志: ade6b95c
// 重构日志: 28574056
// 重构日志: 174cc177
// 重构日志: 3dee2670
// 重构日志: 0a471765
// 重构日志: 4187c23a
// 重构日志: decef1a7
// 同步 ID: 905d0178 @ Sun Jul 19 12:51:40 UTC 2026
// 重构日志: 8f6bab50
// 重构日志: e481f75b
// 重构日志: ade3e2c8
